<?xml version="1.0" encoding="UTF-8"?>
<testsuite xmlns:xsi="http://www.w3.org/2001/XMLSchema-instance" xsi:noNamespaceSchemaLocation="https://maven.apache.org/surefire/maven-surefire-plugin/xsd/surefire-test-report.xsd" version="3.0.2" name="com.CrossingGuardJoe.viewer.images.Font.FontImageFactoryTest" time="0.016" tests="11" errors="0" skipped="0" failures="0">
  <properties>
    <property name="java.specification.version" value="21"/>
    <property name="sun.cpu.isalist" value="amd64"/>
    <property name="sun.jnu.encoding" value="Cp1252"/>
    <property name="java.class.path" value="C:\Users\Utilizador\Desktop\FEUP\MESW\project-crossing-guard-joe\target\test-classes;C:\Users\Utilizador\Desktop\FEUP\MESW\project-crossing-guard-joe\target\classes;C:\Users\Utilizador\.m2\repository\com\googlecode\lanterna\lanterna\3.1.1\lanterna-3.1.1.jar;C:\Users\Utilizador\.m2\repository\net\jqwik\jqwik\1.9.1\jqwik-1.9.1.jar;C:\Users\Utilizador\.m2\repository\org\apiguardian\apiguardian-api\1.1.2\apiguardian-api-1.1.2.jar;C:\Users\Utilizador\.m2\repository\net\jqwik\jqwik-api\1.9.1\jqwik-api-1.9.1.jar;C:\Users\Utilizador\.m2\repository\net\jqwik\jqwik-web\1.9.1\jqwik-web-1.9.1.jar;C:\Users\Utilizador\.m2\repository\net\jqwik\jqwik-time\1.9.1\jqwik-time-1.9.1.jar;C:\Users\Utilizador\.m2\repository\net\jqwik\jqwik-engine\1.9.1\jqwik-engine-1.9.1.jar;C:\Users\Utilizador\.m2\repository\org\assertj\assertj-core\3.26.3\assertj-core-3.26.3.jar;C:\Users\Utilizador\.m2\repository\net\bytebuddy\byte-buddy\1.14.18\byte-buddy-1.14.18.jar;C:\Users\Utilizador\.m2\repository\org\junit\jupiter\junit-jupiter-api\5.11.2\junit-jupiter-api-5.11.2.jar;C:\Users\Utilizador\.m2\repository\org\opentest4j\opentest4j\1.3.0\opentest4j-1.3.0.jar;C:\Users\Utilizador\.m2\repository\org\junit\platform\junit-platform-commons\1.11.2\junit-platform-commons-1.11.2.jar;C:\Users\Utilizador\.m2\repository\org\junit\jupiter\junit-jupiter-params\5.11.2\junit-jupiter-params-5.11.2.jar;C:\Users\Utilizador\.m2\repository\org\junit\jupiter\junit-jupiter-engine\5.11.2\junit-jupiter-engine-5.11.2.jar;C:\Users\Utilizador\.m2\repository\org\junit\platform\junit-platform-engine\1.11.2\junit-platform-engine-1.11.2.jar;C:\Users\Utilizador\.m2\repository\org\junit\platform\junit-platform-runner\1.11.2\junit-platform-runner-1.11.2.jar;C:\Users\Utilizador\.m2\repository\junit\junit\4.13.2\junit-4.13.2.jar;C:\Users\Utilizador\.m2\repository\org\hamcrest\hamcrest-core\1.3\hamcrest-core-1.3.jar;C:\Users\Utilizador\.m2\repository\org\junit\platform\junit-platform-suite-api\1.11.2\junit-platform-suite-api-1.11.2.jar;C:\Users\Utilizador\.m2\repository\org\junit\platform\junit-platform-suite-commons\1.11.2\junit-platform-suite-commons-1.11.2.jar;C:\Users\Utilizador\.m2\repository\org\junit\platform\junit-platform-launcher\1.11.2\junit-platform-launcher-1.11.2.jar;C:\Users\Utilizador\.m2\repository\org\mockito\mockito-core\5.14.1\mockito-core-5.14.1.jar;C:\Users\Utilizador\.m2\repository\net\bytebuddy\byte-buddy-agent\1.15.3\byte-buddy-agent-1.15.3.jar;C:\Users\Utilizador\.m2\repository\org\objenesis\objenesis\3.3\objenesis-3.3.jar;C:\Users\Utilizador\.m2\repository\org\mockito\mockito-junit-jupiter\5.14.1\mockito-junit-jupiter-5.14.1.jar;"/>
    <property name="sun.awt.enableExtraMouseButtons" value="true"/>
    <property name="java.vm.vendor" value="Eclipse Adoptium"/>
    <property name="sun.arch.data.model" value="64"/>
    <property name="user.variant" value=""/>
    <property name="java.vendor.url" value="https://adoptium.net/"/>
    <property name="user.timezone" value="Europe/Lisbon"/>
    <property name="os.name" value="Windows 10"/>
    <property name="java.vm.specification.version" value="21"/>
    <property name="sun.java.launcher" value="SUN_STANDARD"/>
    <property name="user.country" value="PT"/>
    <property name="sun.boot.library.path" value="C:\Program Files\Eclipse Adoptium\jdk-21.0.2.13-hotspot\bin"/>
    <property name="sun.java.command" value="C:\Users\Utilizador\AppData\Local\Temp\surefire1189188918103639736\surefirebooter-20250103143823995_3.jar C:\Users\Utilizador\AppData\Local\Temp\surefire1189188918103639736 2025-01-03T14-38-23_858-jvmRun1 surefire-20250103143823995_1tmp surefire_0-20250103143823995_2tmp"/>
    <property name="jdk.debug" value="release"/>
    <property name="surefire.test.class.path" value="C:\Users\Utilizador\Desktop\FEUP\MESW\project-crossing-guard-joe\target\test-classes;C:\Users\Utilizador\Desktop\FEUP\MESW\project-crossing-guard-joe\target\classes;C:\Users\Utilizador\.m2\repository\com\googlecode\lanterna\lanterna\3.1.1\lanterna-3.1.1.jar;C:\Users\Utilizador\.m2\repository\net\jqwik\jqwik\1.9.1\jqwik-1.9.1.jar;C:\Users\Utilizador\.m2\repository\org\apiguardian\apiguardian-api\1.1.2\apiguardian-api-1.1.2.jar;C:\Users\Utilizador\.m2\repository\net\jqwik\jqwik-api\1.9.1\jqwik-api-1.9.1.jar;C:\Users\Utilizador\.m2\repository\net\jqwik\jqwik-web\1.9.1\jqwik-web-1.9.1.jar;C:\Users\Utilizador\.m2\repository\net\jqwik\jqwik-time\1.9.1\jqwik-time-1.9.1.jar;C:\Users\Utilizador\.m2\repository\net\jqwik\jqwik-engine\1.9.1\jqwik-engine-1.9.1.jar;C:\Users\Utilizador\.m2\repository\org\assertj\assertj-core\3.26.3\assertj-core-3.26.3.jar;C:\Users\Utilizador\.m2\repository\net\bytebuddy\byte-buddy\1.14.18\byte-buddy-1.14.18.jar;C:\Users\Utilizador\.m2\repository\org\junit\jupiter\junit-jupiter-api\5.11.2\junit-jupiter-api-5.11.2.jar;C:\Users\Utilizador\.m2\repository\org\opentest4j\opentest4j\1.3.0\opentest4j-1.3.0.jar;C:\Users\Utilizador\.m2\repository\org\junit\platform\junit-platform-commons\1.11.2\junit-platform-commons-1.11.2.jar;C:\Users\Utilizador\.m2\repository\org\junit\jupiter\junit-jupiter-params\5.11.2\junit-jupiter-params-5.11.2.jar;C:\Users\Utilizador\.m2\repository\org\junit\jupiter\junit-jupiter-engine\5.11.2\junit-jupiter-engine-5.11.2.jar;C:\Users\Utilizador\.m2\repository\org\junit\platform\junit-platform-engine\1.11.2\junit-platform-engine-1.11.2.jar;C:\Users\Utilizador\.m2\repository\org\junit\platform\junit-platform-runner\1.11.2\junit-platform-runner-1.11.2.jar;C:\Users\Utilizador\.m2\repository\junit\junit\4.13.2\junit-4.13.2.jar;C:\Users\Utilizador\.m2\repository\org\hamcrest\hamcrest-core\1.3\hamcrest-core-1.3.jar;C:\Users\Utilizador\.m2\repository\org\junit\platform\junit-platform-suite-api\1.11.2\junit-platform-suite-api-1.11.2.jar;C:\Users\Utilizador\.m2\repository\org\junit\platform\junit-platform-suite-commons\1.11.2\junit-platform-suite-commons-1.11.2.jar;C:\Users\Utilizador\.m2\repository\org\junit\platform\junit-platform-launcher\1.11.2\junit-platform-launcher-1.11.2.jar;C:\Users\Utilizador\.m2\repository\org\mockito\mockito-core\5.14.1\mockito-core-5.14.1.jar;C:\Users\Utilizador\.m2\repository\net\bytebuddy\byte-buddy-agent\1.15.3\byte-buddy-agent-1.15.3.jar;C:\Users\Utilizador\.m2\repository\org\objenesis\objenesis\3.3\objenesis-3.3.jar;C:\Users\Utilizador\.m2\repository\org\mockito\mockito-junit-jupiter\5.14.1\mockito-junit-jupiter-5.14.1.jar;"/>
    <property name="sun.cpu.endian" value="little"/>
    <property name="user.home" value="C:\Users\Utilizador"/>
    <property name="user.language" value="pt"/>
    <property name="java.specification.vendor" value="Oracle Corporation"/>
    <property name="java.version.date" value="2024-01-16"/>
    <property name="java.home" value="C:\Program Files\Eclipse Adoptium\jdk-21.0.2.13-hotspot"/>
    <property name="file.separator" value="\"/>
    <property name="basedir" value="C:\Users\Utilizador\Desktop\FEUP\MESW\project-crossing-guard-joe"/>
    <property name="java.vm.compressedOopsMode" value="Zero based"/>
    <property name="line.separator" value="&#10;"/>
    <property name="java.vm.specification.vendor" value="Oracle Corporation"/>
    <property name="java.specification.name" value="Java Platform API Specification"/>
    <property name="surefire.real.class.path" value="C:\Users\Utilizador\AppData\Local\Temp\surefire1189188918103639736\surefirebooter-20250103143823995_3.jar"/>
    <property name="user.script" value=""/>
    <property name="sun.management.compiler" value="HotSpot 64-Bit Tiered Compilers"/>
    <property name="java.runtime.version" value="21.0.2+13-LTS"/>
    <property name="user.name" value="Utilizador"/>
    <property name="stdout.encoding" value="Cp1252"/>
    <property name="path.separator" value=";"/>
    <property name="os.version" value="10.0"/>
    <property name="java.runtime.name" value="OpenJDK Runtime Environment"/>
    <property name="file.encoding" value="UTF-8"/>
    <property name="java.vm.name" value="OpenJDK 64-Bit Server VM"/>
    <property name="java.vendor.version" value="Temurin-21.0.2+13"/>
    <property name="localRepository" value="C:\Users\Utilizador\.m2\repository"/>
    <property name="java.vendor.url.bug" value="https://github.com/adoptium/adoptium-support/issues"/>
    <property name="java.io.tmpdir" value="C:\Users\UTILIZ~1\AppData\Local\Temp\"/>
    <property name="java.version" value="21.0.2"/>
    <property name="user.dir" value="C:\Users\Utilizador\Desktop\FEUP\MESW\project-crossing-guard-joe"/>
    <property name="os.arch" value="amd64"/>
    <property name="java.vm.specification.name" value="Java Virtual Machine Specification"/>
    <property name="sun.os.patch.level" value=""/>
    <property name="native.encoding" value="Cp1252"/>
    <property name="java.library.path" value="C:\Program Files\Eclipse Adoptium\jdk-21.0.2.13-hotspot\bin;C:\Windows\Sun\Java\bin;C:\Windows\system32;C:\Windows;C:\Program Files\Eclipse Adoptium\jdk-21.0.2.13-hotspot\bin;C:\Python312\Scripts\;C:\Python312\;C:\Program Files\Common Files\Oracle\Java\javapath;C:\Program Files (x86)\Common Files\Oracle\Java\javapath;C:\Program Files (x86)\NVIDIA Corporation\PhysX\Common;C:\Windows\system32;C:\Windows;C:\Windows\System32\Wbem;C:\Windows\System32\WindowsPowerShell\v1.0\;C:\Windows\System32\OpenSSH\;C:\Program Files\Git\cmd;C:\AIRSDK_Windows\bin;C:\Program Files\Docker\Docker\resources\bin;C:\Program Files\nodejs\;C:\ProgramData\chocolatey\bin;C:\Users\Utilizador\Downloads\apache-maven-3.9.9-bin\apache-maven-3.9.9\bin;C:\Users\Utilizador\Downloads\jdk-21_windows-x64_bin\jdk-21.0.4\bin;C:\Program Files (x86)\Windows Kits\8.1\Windows Performance Toolkit\;C:\Users\Utilizador\AppData\Local\Microsoft\WindowsApps;C:\Users\Utilizador\AppData\Local\Programs\Microsoft VS Code\bin;C:\src\flutter\bin;;C:\ghcup\bin;C:\Users\Utilizador\AppData\Roaming\npm;."/>
    <property name="java.vm.info" value="mixed mode, sharing"/>
    <property name="stderr.encoding" value="Cp1252"/>
    <property name="java.vendor" value="Eclipse Adoptium"/>
    <property name="java.vm.version" value="21.0.2+13-LTS"/>
    <property name="sun.io.unicode.encoding" value="UnicodeLittle"/>
    <property name="java.class.version" value="65.0"/>
  </properties>
  <testcase name="testGetImageRepresentationWithShort" classname="com.CrossingGuardJoe.viewer.images.Font.FontImageFactoryTest" time="0.002"/>
  <testcase name="testGetImageRepresentationWithLong" classname="com.CrossingGuardJoe.viewer.images.Font.FontImageFactoryTest" time="0.001"/>
  <testcase name="testGetAlphabetIndexWithLetter" classname="com.CrossingGuardJoe.viewer.images.Font.FontImageFactoryTest" time="0.002"/>
  <testcase name="testGetImageRepresentationWithSpaceCharacter" classname="com.CrossingGuardJoe.viewer.images.Font.FontImageFactoryTest" time="0.001"/>
  <testcase name="testGetNumberImage" classname="com.CrossingGuardJoe.viewer.images.Font.FontImageFactoryTest" time="0.001"/>
  <testcase name="testGetTextImage" classname="com.CrossingGuardJoe.viewer.images.Font.FontImageFactoryTest" time="0.001"/>
  <testcase name="testGetImageRepresentationWithString" classname="com.CrossingGuardJoe.viewer.images.Font.FontImageFactoryTest" time="0.001"/>
  <testcase name="testGetAlphabetIndexWithUnsupportedCharacter" classname="com.CrossingGuardJoe.viewer.images.Font.FontImageFactoryTest" time="0.001"/>
  <testcase name="testGetAlphabetIndexWithNonLetter" classname="com.CrossingGuardJoe.viewer.images.Font.FontImageFactoryTest" time="0.0"/>
  <testcase name="testGetImageRepresentationWithUnsupportedType" classname="com.CrossingGuardJoe.viewer.images.Font.FontImageFactoryTest" time="0.001"/>
  <testcase name="testGetImageRepresentationWithInteger" classname="com.CrossingGuardJoe.viewer.images.Font.FontImageFactoryTest" time="0.001"/>
</testsuite>